* using log directory 'G:/Nissa/GOA RAP/FastrCAT/FastrCAT.Rcheck'
* using R version 3.5.1 (2018-07-02)
* using platform: x86_64-w64-mingw32 (64-bit)
* using session charset: ISO8859-1
* using options '--no-manual --as-cran'
* checking for file 'FastrCAT/DESCRIPTION' ... OK
* checking extension type ... Package
* this is package 'FastrCAT' version '0.0.0.9000'
* package encoding: UTF-8
* checking package namespace information ... OK
* checking package dependencies ... OK
* checking if this is a source package ... OK
* checking if there is a namespace ... OK
* checking for executable files ... OK
* checking for hidden files and directories ... NOTE
Found the following hidden files and directories:
  .Rd2pdf5312
These were most likely included in error. See section 'Package
structure' in the 'Writing R Extensions' manual.
* checking for portable file names ... OK
* checking whether package 'FastrCAT' can be installed ... OK
* checking installed package size ... OK
* checking package directory ... OK
* checking 'build' directory ... OK
* checking DESCRIPTION meta-information ... WARNING
Dependence on R version '3.5.1' not with patchlevel 0
* checking top-level files ... NOTE
Non-standard file/directory found at top level:
  'README.Rmd'
* checking for left-over files ... OK
* checking index information ... OK
* checking package subdirectories ... WARNING
Found the following directory with the name of a Rd2pdf directory:
  ./.Rd2pdf5312
Most likely, these were included erroneously.
* checking R files for non-ASCII characters ... OK
* checking R files for syntax errors ... OK
* checking whether the package can be loaded ... OK
* checking whether the package can be loaded with stated dependencies ... OK
* checking whether the package can be unloaded cleanly ... OK
* checking whether the namespace can be loaded with stated dependencies ... OK
* checking whether the namespace can be unloaded cleanly ... OK
* checking dependencies in R code ... NOTE
Missing or unexported object: 'stringr::strsplit'
* checking S3 generic/method consistency ... OK
* checking replacement functions ... OK
* checking foreign function calls ... OK
* checking R code for possible problems ... NOTE
make_dataframe_fc: no visible global function definition for
  'read_lines'
make_dataframe_fc: no visible global function definition for
  'read.table'
make_dataframe_fc: no visible global function definition for '%>%'
make_dataframe_fc: no visible binding for global variable 'PRESSURE'
make_dataframe_fc: no visible binding for global variable
  'TEMPERATURE1'
make_dataframe_fc: no visible binding for global variable
  'CONDUCTIVITY1'
make_dataframe_fc: no visible binding for global variable 'SALINITY1'
make_dataframe_fc: no visible binding for global variable 'SIGMA_T'
make_dataframe_fc: no visible binding for global variable 'FLAG'
make_dataframe_fc: no visible binding for global variable 'depth'
make_dataframe_fc: no visible binding for global variable 'LAT'
make_dataframe_fc: no visible binding for global variable 'LON'
make_dataframe_fc: no visible binding for global variable 'CRUISE'
make_dataframe_fc: no visible binding for global variable
  'STATION_NAME'
make_dataframe_fc: no visible binding for global variable 'HAUL_NAME'
make_dataframe_fc: no visible binding for global variable 'FOCI_GRID'
make_dataframe_fc: no visible binding for global variable 'DATE'
make_dataframe_fc: no visible binding for global variable 'TIME'
make_dataframe_fc: no visible binding for global variable
  'DEPTH_BOTTOM'
make_dataframe_fc: no visible binding for global variable 'DEPTH'
make_dataframe_fc: no visible binding for global variable 'INSTRUMENT'
make_dataframe_fc: no visible binding for global variable 'DIRECTORY'
make_dataframe_fc: no visible global function definition for 'select'
make_dataframe_fc: no visible global function definition for 'str_c'
make_dataframe_fc: no visible global function definition for
  'str_replace_na'
make_dataframe_fc: no visible global function definition for '%<>%'
make_dataframe_fc: no visible binding for '<<-' assignment to
  'fastcat_data'
make_dataframe_fc: no visible global function definition for
  'write.table'
plot_ts_fc: no visible global function definition for '%>%'
plot_ts_fc: no visible global function definition for 'cols'
plot_ts_fc: no visible global function definition for 'col_character'
plot_ts_fc: no visible global function definition for 'col_integer'
plot_ts_fc: no visible global function definition for 'col_double'
plot_ts_fc: no visible binding for global variable 'CRUISE'
plot_ts_fc: no visible binding for global variable 'STATION_NAME'
plot_ts_fc: no visible binding for global variable 'HAUL_NAME'
plot_ts_fc: no visible binding for global variable 'FOCI_GRID'
plot_ts_fc: no visible binding for global variable 'DEPTH'
plot_ts_fc: no visible binding for global variable 'TEMPERATURE1'
plot_ts_fc: no visible binding for global variable 'SALINITY1'
plot_ts_fc: no visible binding for global variable 'DIRECTORY'
plot_ts_fc: no visible binding for global variable 'Station_haul'
plot_ts_fc: no visible global function definition for 'aes'
plot_ts_fc: no visible binding for global variable 'MEASURMENT'
plot_ts_fc: no visible binding for global variable 'TYPE'
plot_ts_fc: no visible global function definition for 'element_text'
plot_ts_fc: no visible global function definition for 'element_blank'
Undefined global functions or variables:
  %<>% %>% CONDUCTIVITY1 CRUISE DATE DEPTH DEPTH_BOTTOM DIRECTORY FLAG
  FOCI_GRID HAUL_NAME INSTRUMENT LAT LON MEASURMENT PRESSURE SALINITY1
  SIGMA_T STATION_NAME Station_haul TEMPERATURE1 TIME TYPE aes
  col_character col_double col_integer cols depth element_blank
  element_text read.table read_lines select str_c str_replace_na
  write.table
Consider adding
  importFrom("utils", "read.table", "write.table")
to your NAMESPACE file.
* checking Rd files ... OK
* checking Rd metadata ... OK
* checking Rd line widths ... OK
* checking Rd cross-references ... WARNING
Error in find.package(package, lib.loc) : 
  there is no package called 'rpart'
Calls: <Anonymous> -> lapply -> FUN -> find.package
Execution halted
* checking for missing documentation entries ... OK
* checking for code/documentation mismatches ... OK
* checking Rd \usage sections ... OK
* checking Rd contents ... OK
* checking for unstated dependencies in examples ... OK
* checking installed files from 'inst/doc' ... OK
* checking files in 'vignettes' ... OK
* checking examples ... NONE
* checking for unstated dependencies in vignettes ... OK
* checking package vignettes in 'inst/doc' ... OK
* checking re-building of vignette outputs ... OK
* DONE
Status: 3 WARNINGs, 4 NOTEs
